<html>
<head>
<title>TestNG:  Login</title>
<link href="../testng.css" rel="stylesheet" type="text/css" />
<link href="../my-testng.css" rel="stylesheet" type="text/css" />

<style type="text/css">
.log { display: none;} 
.stack-trace { display: none;} 
</style>
<script type="text/javascript">
<!--
function flip(e) {
  current = e.style.display;
  if (current == 'block') {
    e.style.display = 'none';
    return 0;
  }
  else {
    e.style.display = 'block';
    return 1;
  }
}

function toggleBox(szDivId, elem, msg1, msg2)
{
  var res = -1;  if (document.getElementById) {
    res = flip(document.getElementById(szDivId));
  }
  else if (document.all) {
    // this is the way old msie versions work
    res = flip(document.all[szDivId]);
  }
  if(elem) {
    if(res == 0) elem.innerHTML = msg1; else elem.innerHTML = msg2;
  }

}

function toggleAllBoxes() {
  if (document.getElementsByTagName) {
    d = document.getElementsByTagName('div');
    for (i = 0; i < d.length; i++) {
      if (d[i].className == 'log') {
        flip(d[i]);
      }
    }
  }
}

// -->
</script>

</head>
<body>
<h2 align='center'>Login</h2><table border='1' align="center">
<tr>
<td>Tests passed/Failed/Skipped:</td><td>0/0/5</td>
</tr><tr>
<td>Started on:</td><td>Sun Mar 11 11:31:16 CST 2018</td>
</tr>
<tr><td>Total time:</td><td>0 seconds (594 ms)</td>
</tr><tr>
<td>Included groups:</td><td></td>
</tr><tr>
<td>Excluded groups:</td><td></td>
</tr>
</table><p/>
<small><i>(Hover the method name to see the test class name)</i></small><p/>
<table width='100%' border='1' class='invocation-failed'>
<tr><td colspan='4' align='center'><b>FAILED CONFIGURATIONS</b></td></tr>
<tr><td><b>Test method</b></td>
<td width="30%"><b>Exception</b></td>
<td width="10%"><b>Time (seconds)</b></td>
<td><b>Instance</b></td>
</tr>
<tr>
<td title='com.demo.test.testcases.login.FlightTest.startTest()'><b>startTest</b><br>Test class: com.demo.test.testcases.login.FlightTest<br>Parameters: org.testng.TestRunner@1a3869f4</td>
<td><div><pre>java.lang.StringIndexOutOfBoundsException: String index out of range: -5
	at java.lang.String.substring(String.java:1967)
	at com.demo.test.utils.LogConfiguration.getFunctionName(LogConfiguration.java:39)
	at com.demo.test.utils.LogConfiguration.initLog(LogConfiguration.java:12)
	at com.demo.test.base.BaseParpare.startTest(BaseParpare.java:36)
... Removed 27 stack frames</pre></div><a href='#' onClick='toggleBox("stack-trace924477420", this, "Click to show all stack frames", "Click to hide stack frames")'>Click to show all stack frames</a>
<div class='stack-trace' id='stack-trace924477420'><pre>java.lang.StringIndexOutOfBoundsException: String index out of range: -5
	at java.lang.String.substring(String.java:1967)
	at com.demo.test.utils.LogConfiguration.getFunctionName(LogConfiguration.java:39)
	at com.demo.test.utils.LogConfiguration.initLog(LogConfiguration.java:12)
	at com.demo.test.base.BaseParpare.startTest(BaseParpare.java:36)
	at sun.reflect.NativeMethodAccessorImpl.invoke0(Native Method)
	at sun.reflect.NativeMethodAccessorImpl.invoke(NativeMethodAccessorImpl.java:62)
	at sun.reflect.DelegatingMethodAccessorImpl.invoke(DelegatingMethodAccessorImpl.java:43)
	at java.lang.reflect.Method.invoke(Method.java:498)
	at org.testng.internal.MethodInvocationHelper.invokeMethod(MethodInvocationHelper.java:108)
	at org.testng.internal.Invoker.invokeConfigurationMethod(Invoker.java:523)
	at org.testng.internal.Invoker.invokeConfigurations(Invoker.java:224)
	at org.testng.internal.Invoker.invokeMethod(Invoker.java:599)
	at org.testng.internal.Invoker.invokeTestMethod(Invoker.java:869)
	at org.testng.internal.Invoker.invokeTestMethods(Invoker.java:1193)
	at org.testng.internal.TestMethodWorker.invokeTestMethods(TestMethodWorker.java:126)
	at org.testng.internal.TestMethodWorker.run(TestMethodWorker.java:109)
	at org.testng.TestRunner.privateRun(TestRunner.java:744)
	at org.testng.TestRunner.run(TestRunner.java:602)
	at org.testng.SuiteRunner.runTest(SuiteRunner.java:380)
	at org.testng.SuiteRunner.runSequentially(SuiteRunner.java:375)
	at org.testng.SuiteRunner.privateRun(SuiteRunner.java:340)
	at org.testng.SuiteRunner.run(SuiteRunner.java:289)
	at org.testng.SuiteRunnerWorker.runSuite(SuiteRunnerWorker.java:52)
	at org.testng.SuiteRunnerWorker.run(SuiteRunnerWorker.java:86)
	at org.testng.TestNG.runSuitesSequentially(TestNG.java:1301)
	at org.testng.TestNG.runSuitesLocally(TestNG.java:1226)
	at org.testng.TestNG.runSuites(TestNG.java:1144)
	at org.testng.TestNG.run(TestNG.java:1115)
	at org.testng.remote.AbstractRemoteTestNG.run(AbstractRemoteTestNG.java:132)
	at org.testng.remote.RemoteTestNG.initAndRun(RemoteTestNG.java:230)
	at org.testng.remote.RemoteTestNG.main(RemoteTestNG.java:76)
</pre></div></td>
<td>0</td>
<td>com.demo.test.testcases.login.FlightTest@3b084709</td></tr>
</table><p>
<table width='100%' border='1' class='invocation-skipped'>
<tr><td colspan='4' align='center'><b>SKIPPED CONFIGURATIONS</b></td></tr>
<tr><td><b>Test method</b></td>
<td width="30%"><b>Exception</b></td>
<td width="10%"><b>Time (seconds)</b></td>
<td><b>Instance</b></td>
</tr>
<tr>
<td title='com.demo.test.testcases.login.LoginPage_001_LoginSuccessFunction_Test.startTest()'><b>startTest</b><br>Test class: com.demo.test.testcases.login.LoginPage_001_LoginSuccessFunction_Test</td>
<td></td>
<td>0</td>
<td>com.demo.test.testcases.login.LoginPage_001_LoginSuccessFunction_Test@3224f60b</td></tr>
<tr>
<td title='com.demo.test.testcases.login.LoginPage_001_LoginSuccessFunction_Test.startTest()'><b>startTest</b><br>Test class: com.demo.test.testcases.login.LoginPage_001_LoginSuccessFunction_Test</td>
<td></td>
<td>0</td>
<td>com.demo.test.testcases.login.LoginPage_001_LoginSuccessFunction_Test@3224f60b</td></tr>
<tr>
<td title='com.demo.test.testcases.login.LoginPage_001_LoginSuccessFunction_Test.startTest()'><b>startTest</b><br>Test class: com.demo.test.testcases.login.LoginPage_001_LoginSuccessFunction_Test</td>
<td></td>
<td>0</td>
<td>com.demo.test.testcases.login.LoginPage_001_LoginSuccessFunction_Test@3224f60b</td></tr>
<tr>
<td title='com.demo.test.testcases.login.LoginPage_001_LoginSuccessFunction_Test.startTest()'><b>startTest</b><br>Test class: com.demo.test.testcases.login.LoginPage_001_LoginSuccessFunction_Test</td>
<td></td>
<td>0</td>
<td>com.demo.test.testcases.login.LoginPage_001_LoginSuccessFunction_Test@3224f60b</td></tr>
</table><p>
<table width='100%' border='1' class='invocation-skipped'>
<tr><td colspan='4' align='center'><b>SKIPPED TESTS</b></td></tr>
<tr><td><b>Test method</b></td>
<td width="30%"><b>Exception</b></td>
<td width="10%"><b>Time (seconds)</b></td>
<td><b>Instance</b></td>
</tr>
<tr>
<td title='com.demo.test.testcases.login.FlightTest.FindFlight()'><b>FindFlight</b><br>Test class: com.demo.test.testcases.login.FlightTest<br/>
<a href="#Output-1970881185" onClick='toggleBox("Output-1970881185", this, "Show output", "Hide output");'>Show output</a>

<a href="#Output-1970881185" onClick="toggleAllBoxes();">Show all outputs</a>
<div class='log' id="Output-1970881185">
[2018_03_11_11_31_16_FindFlight] ,截图失败，原因：null<br/>
<img src="../../[2018_03_11_11_31_16_FindFlight] ,截图失败，原因：null"/><br/>
</div>
</td>
<td><div><pre>java.lang.StringIndexOutOfBoundsException: String index out of range: -5
	at java.lang.String.substring(String.java:1967)
	at com.demo.test.utils.LogConfiguration.getFunctionName(LogConfiguration.java:39)
	at com.demo.test.utils.LogConfiguration.initLog(LogConfiguration.java:12)
	at com.demo.test.base.BaseParpare.startTest(BaseParpare.java:36)
... Removed 27 stack frames</pre></div><a href='#' onClick='toggleBox("stack-trace1970881185", this, "Click to show all stack frames", "Click to hide stack frames")'>Click to show all stack frames</a>
<div class='stack-trace' id='stack-trace1970881185'><pre>java.lang.StringIndexOutOfBoundsException: String index out of range: -5
	at java.lang.String.substring(String.java:1967)
	at com.demo.test.utils.LogConfiguration.getFunctionName(LogConfiguration.java:39)
	at com.demo.test.utils.LogConfiguration.initLog(LogConfiguration.java:12)
	at com.demo.test.base.BaseParpare.startTest(BaseParpare.java:36)
	at sun.reflect.NativeMethodAccessorImpl.invoke0(Native Method)
	at sun.reflect.NativeMethodAccessorImpl.invoke(NativeMethodAccessorImpl.java:62)
	at sun.reflect.DelegatingMethodAccessorImpl.invoke(DelegatingMethodAccessorImpl.java:43)
	at java.lang.reflect.Method.invoke(Method.java:498)
	at org.testng.internal.MethodInvocationHelper.invokeMethod(MethodInvocationHelper.java:108)
	at org.testng.internal.Invoker.invokeConfigurationMethod(Invoker.java:523)
	at org.testng.internal.Invoker.invokeConfigurations(Invoker.java:224)
	at org.testng.internal.Invoker.invokeMethod(Invoker.java:599)
	at org.testng.internal.Invoker.invokeTestMethod(Invoker.java:869)
	at org.testng.internal.Invoker.invokeTestMethods(Invoker.java:1193)
	at org.testng.internal.TestMethodWorker.invokeTestMethods(TestMethodWorker.java:126)
	at org.testng.internal.TestMethodWorker.run(TestMethodWorker.java:109)
	at org.testng.TestRunner.privateRun(TestRunner.java:744)
	at org.testng.TestRunner.run(TestRunner.java:602)
	at org.testng.SuiteRunner.runTest(SuiteRunner.java:380)
	at org.testng.SuiteRunner.runSequentially(SuiteRunner.java:375)
	at org.testng.SuiteRunner.privateRun(SuiteRunner.java:340)
	at org.testng.SuiteRunner.run(SuiteRunner.java:289)
	at org.testng.SuiteRunnerWorker.runSuite(SuiteRunnerWorker.java:52)
	at org.testng.SuiteRunnerWorker.run(SuiteRunnerWorker.java:86)
	at org.testng.TestNG.runSuitesSequentially(TestNG.java:1301)
	at org.testng.TestNG.runSuitesLocally(TestNG.java:1226)
	at org.testng.TestNG.runSuites(TestNG.java:1144)
	at org.testng.TestNG.run(TestNG.java:1115)
	at org.testng.remote.AbstractRemoteTestNG.run(AbstractRemoteTestNG.java:132)
	at org.testng.remote.RemoteTestNG.initAndRun(RemoteTestNG.java:230)
	at org.testng.remote.RemoteTestNG.main(RemoteTestNG.java:76)
</pre></div></td>
<td>0</td>
<td>com.demo.test.testcases.login.FlightTest@3b084709</td></tr>
<tr>
<td title='com.demo.test.testcases.login.LoginPage_001_LoginSuccessFunction_Test.loginSuccessFunction()'><b>loginSuccessFunction</b><br>Test class: com.demo.test.testcases.login.LoginPage_001_LoginSuccessFunction_Test<br/>
<a href="#Output-1983025922" onClick='toggleBox("Output-1983025922", this, "Show output", "Hide output");'>Show output</a>

<a href="#Output-1983025922" onClick="toggleAllBoxes();">Show all outputs</a>
<div class='log' id="Output-1983025922">
[2018_03_11_11_31_16_loginSuccessFunction] ,截图失败，原因：null<br/>
<img src="../../[2018_03_11_11_31_16_loginSuccessFunction] ,截图失败，原因：null"/><br/>
</div>
</td>
<td><div><pre>java.lang.StringIndexOutOfBoundsException: String index out of range: -5
	at java.lang.String.substring(String.java:1967)
	at com.demo.test.utils.LogConfiguration.getFunctionName(LogConfiguration.java:39)
	at com.demo.test.utils.LogConfiguration.initLog(LogConfiguration.java:12)
	at com.demo.test.base.BaseParpare.startTest(BaseParpare.java:36)
... Removed 27 stack frames</pre></div><a href='#' onClick='toggleBox("stack-trace1983025922", this, "Click to show all stack frames", "Click to hide stack frames")'>Click to show all stack frames</a>
<div class='stack-trace' id='stack-trace1983025922'><pre>java.lang.StringIndexOutOfBoundsException: String index out of range: -5
	at java.lang.String.substring(String.java:1967)
	at com.demo.test.utils.LogConfiguration.getFunctionName(LogConfiguration.java:39)
	at com.demo.test.utils.LogConfiguration.initLog(LogConfiguration.java:12)
	at com.demo.test.base.BaseParpare.startTest(BaseParpare.java:36)
	at sun.reflect.NativeMethodAccessorImpl.invoke0(Native Method)
	at sun.reflect.NativeMethodAccessorImpl.invoke(NativeMethodAccessorImpl.java:62)
	at sun.reflect.DelegatingMethodAccessorImpl.invoke(DelegatingMethodAccessorImpl.java:43)
	at java.lang.reflect.Method.invoke(Method.java:498)
	at org.testng.internal.MethodInvocationHelper.invokeMethod(MethodInvocationHelper.java:108)
	at org.testng.internal.Invoker.invokeConfigurationMethod(Invoker.java:523)
	at org.testng.internal.Invoker.invokeConfigurations(Invoker.java:224)
	at org.testng.internal.Invoker.invokeMethod(Invoker.java:599)
	at org.testng.internal.Invoker.invokeTestMethod(Invoker.java:869)
	at org.testng.internal.Invoker.invokeTestMethods(Invoker.java:1193)
	at org.testng.internal.TestMethodWorker.invokeTestMethods(TestMethodWorker.java:126)
	at org.testng.internal.TestMethodWorker.run(TestMethodWorker.java:109)
	at org.testng.TestRunner.privateRun(TestRunner.java:744)
	at org.testng.TestRunner.run(TestRunner.java:602)
	at org.testng.SuiteRunner.runTest(SuiteRunner.java:380)
	at org.testng.SuiteRunner.runSequentially(SuiteRunner.java:375)
	at org.testng.SuiteRunner.privateRun(SuiteRunner.java:340)
	at org.testng.SuiteRunner.run(SuiteRunner.java:289)
	at org.testng.SuiteRunnerWorker.runSuite(SuiteRunnerWorker.java:52)
	at org.testng.SuiteRunnerWorker.run(SuiteRunnerWorker.java:86)
	at org.testng.TestNG.runSuitesSequentially(TestNG.java:1301)
	at org.testng.TestNG.runSuitesLocally(TestNG.java:1226)
	at org.testng.TestNG.runSuites(TestNG.java:1144)
	at org.testng.TestNG.run(TestNG.java:1115)
	at org.testng.remote.AbstractRemoteTestNG.run(AbstractRemoteTestNG.java:132)
	at org.testng.remote.RemoteTestNG.initAndRun(RemoteTestNG.java:230)
	at org.testng.remote.RemoteTestNG.main(RemoteTestNG.java:76)
</pre></div></td>
<td>0</td>
<td>com.demo.test.testcases.login.LoginPage_001_LoginSuccessFunction_Test@3224f60b</td></tr>
<tr>
<td title='com.demo.test.testcases.login.LoginPage_001_LoginSuccessFunction_Test.register()'><b>register</b><br>Test class: com.demo.test.testcases.login.LoginPage_001_LoginSuccessFunction_Test<br/>
<a href="#Output-1308109015" onClick='toggleBox("Output-1308109015", this, "Show output", "Hide output");'>Show output</a>

<a href="#Output-1308109015" onClick="toggleAllBoxes();">Show all outputs</a>
<div class='log' id="Output-1308109015">
[2018_03_11_11_31_17_register] ,截图失败，原因：null<br/>
<img src="../../[2018_03_11_11_31_17_register] ,截图失败，原因：null"/><br/>
</div>
</td>
<td><div><pre>java.lang.StringIndexOutOfBoundsException: String index out of range: -5
	at java.lang.String.substring(String.java:1967)
	at com.demo.test.utils.LogConfiguration.getFunctionName(LogConfiguration.java:39)
	at com.demo.test.utils.LogConfiguration.initLog(LogConfiguration.java:12)
	at com.demo.test.base.BaseParpare.startTest(BaseParpare.java:36)
... Removed 27 stack frames</pre></div><a href='#' onClick='toggleBox("stack-trace1308109015", this, "Click to show all stack frames", "Click to hide stack frames")'>Click to show all stack frames</a>
<div class='stack-trace' id='stack-trace1308109015'><pre>java.lang.StringIndexOutOfBoundsException: String index out of range: -5
	at java.lang.String.substring(String.java:1967)
	at com.demo.test.utils.LogConfiguration.getFunctionName(LogConfiguration.java:39)
	at com.demo.test.utils.LogConfiguration.initLog(LogConfiguration.java:12)
	at com.demo.test.base.BaseParpare.startTest(BaseParpare.java:36)
	at sun.reflect.NativeMethodAccessorImpl.invoke0(Native Method)
	at sun.reflect.NativeMethodAccessorImpl.invoke(NativeMethodAccessorImpl.java:62)
	at sun.reflect.DelegatingMethodAccessorImpl.invoke(DelegatingMethodAccessorImpl.java:43)
	at java.lang.reflect.Method.invoke(Method.java:498)
	at org.testng.internal.MethodInvocationHelper.invokeMethod(MethodInvocationHelper.java:108)
	at org.testng.internal.Invoker.invokeConfigurationMethod(Invoker.java:523)
	at org.testng.internal.Invoker.invokeConfigurations(Invoker.java:224)
	at org.testng.internal.Invoker.invokeMethod(Invoker.java:599)
	at org.testng.internal.Invoker.invokeTestMethod(Invoker.java:869)
	at org.testng.internal.Invoker.invokeTestMethods(Invoker.java:1193)
	at org.testng.internal.TestMethodWorker.invokeTestMethods(TestMethodWorker.java:126)
	at org.testng.internal.TestMethodWorker.run(TestMethodWorker.java:109)
	at org.testng.TestRunner.privateRun(TestRunner.java:744)
	at org.testng.TestRunner.run(TestRunner.java:602)
	at org.testng.SuiteRunner.runTest(SuiteRunner.java:380)
	at org.testng.SuiteRunner.runSequentially(SuiteRunner.java:375)
	at org.testng.SuiteRunner.privateRun(SuiteRunner.java:340)
	at org.testng.SuiteRunner.run(SuiteRunner.java:289)
	at org.testng.SuiteRunnerWorker.runSuite(SuiteRunnerWorker.java:52)
	at org.testng.SuiteRunnerWorker.run(SuiteRunnerWorker.java:86)
	at org.testng.TestNG.runSuitesSequentially(TestNG.java:1301)
	at org.testng.TestNG.runSuitesLocally(TestNG.java:1226)
	at org.testng.TestNG.runSuites(TestNG.java:1144)
	at org.testng.TestNG.run(TestNG.java:1115)
	at org.testng.remote.AbstractRemoteTestNG.run(AbstractRemoteTestNG.java:132)
	at org.testng.remote.RemoteTestNG.initAndRun(RemoteTestNG.java:230)
	at org.testng.remote.RemoteTestNG.main(RemoteTestNG.java:76)
</pre></div></td>
<td>0</td>
<td>com.demo.test.testcases.login.LoginPage_001_LoginSuccessFunction_Test@3224f60b</td></tr>
<tr>
<td title='com.demo.test.testcases.login.LoginPage_001_LoginSuccessFunction_Test.register()'><b>register</b><br>Test class: com.demo.test.testcases.login.LoginPage_001_LoginSuccessFunction_Test<br/>
<a href="#Output-1660794022" onClick='toggleBox("Output-1660794022", this, "Show output", "Hide output");'>Show output</a>

<a href="#Output-1660794022" onClick="toggleAllBoxes();">Show all outputs</a>
<div class='log' id="Output-1660794022">
[2018_03_11_11_31_17_register] ,截图失败，原因：null<br/>
<img src="../../[2018_03_11_11_31_17_register] ,截图失败，原因：null"/><br/>
</div>
</td>
<td><div><pre>java.lang.StringIndexOutOfBoundsException: String index out of range: -5
	at java.lang.String.substring(String.java:1967)
	at com.demo.test.utils.LogConfiguration.getFunctionName(LogConfiguration.java:39)
	at com.demo.test.utils.LogConfiguration.initLog(LogConfiguration.java:12)
	at com.demo.test.base.BaseParpare.startTest(BaseParpare.java:36)
... Removed 27 stack frames</pre></div><a href='#' onClick='toggleBox("stack-trace1660794022", this, "Click to show all stack frames", "Click to hide stack frames")'>Click to show all stack frames</a>
<div class='stack-trace' id='stack-trace1660794022'><pre>java.lang.StringIndexOutOfBoundsException: String index out of range: -5
	at java.lang.String.substring(String.java:1967)
	at com.demo.test.utils.LogConfiguration.getFunctionName(LogConfiguration.java:39)
	at com.demo.test.utils.LogConfiguration.initLog(LogConfiguration.java:12)
	at com.demo.test.base.BaseParpare.startTest(BaseParpare.java:36)
	at sun.reflect.NativeMethodAccessorImpl.invoke0(Native Method)
	at sun.reflect.NativeMethodAccessorImpl.invoke(NativeMethodAccessorImpl.java:62)
	at sun.reflect.DelegatingMethodAccessorImpl.invoke(DelegatingMethodAccessorImpl.java:43)
	at java.lang.reflect.Method.invoke(Method.java:498)
	at org.testng.internal.MethodInvocationHelper.invokeMethod(MethodInvocationHelper.java:108)
	at org.testng.internal.Invoker.invokeConfigurationMethod(Invoker.java:523)
	at org.testng.internal.Invoker.invokeConfigurations(Invoker.java:224)
	at org.testng.internal.Invoker.invokeMethod(Invoker.java:599)
	at org.testng.internal.Invoker.invokeTestMethod(Invoker.java:869)
	at org.testng.internal.Invoker.invokeTestMethods(Invoker.java:1193)
	at org.testng.internal.TestMethodWorker.invokeTestMethods(TestMethodWorker.java:126)
	at org.testng.internal.TestMethodWorker.run(TestMethodWorker.java:109)
	at org.testng.TestRunner.privateRun(TestRunner.java:744)
	at org.testng.TestRunner.run(TestRunner.java:602)
	at org.testng.SuiteRunner.runTest(SuiteRunner.java:380)
	at org.testng.SuiteRunner.runSequentially(SuiteRunner.java:375)
	at org.testng.SuiteRunner.privateRun(SuiteRunner.java:340)
	at org.testng.SuiteRunner.run(SuiteRunner.java:289)
	at org.testng.SuiteRunnerWorker.runSuite(SuiteRunnerWorker.java:52)
	at org.testng.SuiteRunnerWorker.run(SuiteRunnerWorker.java:86)
	at org.testng.TestNG.runSuitesSequentially(TestNG.java:1301)
	at org.testng.TestNG.runSuitesLocally(TestNG.java:1226)
	at org.testng.TestNG.runSuites(TestNG.java:1144)
	at org.testng.TestNG.run(TestNG.java:1115)
	at org.testng.remote.AbstractRemoteTestNG.run(AbstractRemoteTestNG.java:132)
	at org.testng.remote.RemoteTestNG.initAndRun(RemoteTestNG.java:230)
	at org.testng.remote.RemoteTestNG.main(RemoteTestNG.java:76)
</pre></div></td>
<td>0</td>
<td>com.demo.test.testcases.login.LoginPage_001_LoginSuccessFunction_Test@3224f60b</td></tr>
<tr>
<td title='com.demo.test.testcases.login.LoginPage_001_LoginSuccessFunction_Test.register()'><b>register</b><br>Test class: com.demo.test.testcases.login.LoginPage_001_LoginSuccessFunction_Test<br/>
<a href="#Output-500179317" onClick='toggleBox("Output-500179317", this, "Show output", "Hide output");'>Show output</a>

<a href="#Output-500179317" onClick="toggleAllBoxes();">Show all outputs</a>
<div class='log' id="Output-500179317">
[2018_03_11_11_31_17_register] ,截图失败，原因：null<br/>
<img src="../../[2018_03_11_11_31_17_register] ,截图失败，原因：null"/><br/>
</div>
</td>
<td><div><pre>java.lang.StringIndexOutOfBoundsException: String index out of range: -5
	at java.lang.String.substring(String.java:1967)
	at com.demo.test.utils.LogConfiguration.getFunctionName(LogConfiguration.java:39)
	at com.demo.test.utils.LogConfiguration.initLog(LogConfiguration.java:12)
	at com.demo.test.base.BaseParpare.startTest(BaseParpare.java:36)
... Removed 27 stack frames</pre></div><a href='#' onClick='toggleBox("stack-trace500179317", this, "Click to show all stack frames", "Click to hide stack frames")'>Click to show all stack frames</a>
<div class='stack-trace' id='stack-trace500179317'><pre>java.lang.StringIndexOutOfBoundsException: String index out of range: -5
	at java.lang.String.substring(String.java:1967)
	at com.demo.test.utils.LogConfiguration.getFunctionName(LogConfiguration.java:39)
	at com.demo.test.utils.LogConfiguration.initLog(LogConfiguration.java:12)
	at com.demo.test.base.BaseParpare.startTest(BaseParpare.java:36)
	at sun.reflect.NativeMethodAccessorImpl.invoke0(Native Method)
	at sun.reflect.NativeMethodAccessorImpl.invoke(NativeMethodAccessorImpl.java:62)
	at sun.reflect.DelegatingMethodAccessorImpl.invoke(DelegatingMethodAccessorImpl.java:43)
	at java.lang.reflect.Method.invoke(Method.java:498)
	at org.testng.internal.MethodInvocationHelper.invokeMethod(MethodInvocationHelper.java:108)
	at org.testng.internal.Invoker.invokeConfigurationMethod(Invoker.java:523)
	at org.testng.internal.Invoker.invokeConfigurations(Invoker.java:224)
	at org.testng.internal.Invoker.invokeMethod(Invoker.java:599)
	at org.testng.internal.Invoker.invokeTestMethod(Invoker.java:869)
	at org.testng.internal.Invoker.invokeTestMethods(Invoker.java:1193)
	at org.testng.internal.TestMethodWorker.invokeTestMethods(TestMethodWorker.java:126)
	at org.testng.internal.TestMethodWorker.run(TestMethodWorker.java:109)
	at org.testng.TestRunner.privateRun(TestRunner.java:744)
	at org.testng.TestRunner.run(TestRunner.java:602)
	at org.testng.SuiteRunner.runTest(SuiteRunner.java:380)
	at org.testng.SuiteRunner.runSequentially(SuiteRunner.java:375)
	at org.testng.SuiteRunner.privateRun(SuiteRunner.java:340)
	at org.testng.SuiteRunner.run(SuiteRunner.java:289)
	at org.testng.SuiteRunnerWorker.runSuite(SuiteRunnerWorker.java:52)
	at org.testng.SuiteRunnerWorker.run(SuiteRunnerWorker.java:86)
	at org.testng.TestNG.runSuitesSequentially(TestNG.java:1301)
	at org.testng.TestNG.runSuitesLocally(TestNG.java:1226)
	at org.testng.TestNG.runSuites(TestNG.java:1144)
	at org.testng.TestNG.run(TestNG.java:1115)
	at org.testng.remote.AbstractRemoteTestNG.run(AbstractRemoteTestNG.java:132)
	at org.testng.remote.RemoteTestNG.initAndRun(RemoteTestNG.java:230)
	at org.testng.remote.RemoteTestNG.main(RemoteTestNG.java:76)
</pre></div></td>
<td>0</td>
<td>com.demo.test.testcases.login.LoginPage_001_LoginSuccessFunction_Test@3224f60b</td></tr>
</table><p>
</body>
</html>