<!DOCTYPE html PUBLIC "-//W3C//DTD XHTML 1.1//EN" "http://www.w3.org/TR/xhtml11/DTD/xhtml11.dtd">
<html xmlns="http://www.w3.org/1999/xhtml">
<head>
<title>TestNG Report</title>
<style type="text/css">
table {margin-bottom:10px;border-collapse:collapse;empty-cells:show}
td,th {border:1px solid #009;padding:.25em .5em}
.result th {vertical-align:bottom}
.param th {padding-left:1em;padding-right:1em}
.param td {padding-left:.5em;padding-right:2em}
.stripe td,.stripe th {background-color: #E6EBF9}
.numi,.numi_attn {text-align:right}
.total td {font-weight:bold}
.passedodd td {background-color: #0A0}
.passedeven td {background-color: #3F3}
.skippedodd td {background-color: #CCC}
.skippedodd td {background-color: #DDD}
.failedodd td,.numi_attn {background-color: #F33}
.failedeven td,.stripe .numi_attn {background-color: #D00}
.stacktrace {white-space:pre;font-family:monospace}
.totop {font-size:85%;text-align:center;border-bottom:2px solid #000}
</style>
</head>
<body>
<table cellspacing="0" cellpadding="0" class="testOverview">
<tr><th>Test</th><th>Methods<br/>Passed</th><th>Scenarios<br/>Passed</th><th># skipped</th><th># failed</th><th>Total<br/>Time</th><th>Included<br/>Groups</th><th>Excluded<br/>Groups</th></tr>
<tr><td style="text-align:left;padding-right:2em"><a href="#t1">Login</a></td><td class="numi">0</td><td class="numi">0</td><td class="numi_attn">5</td><td class="numi">0</td><td class="numi">0.6 seconds</td><td class="numi"></td><td class="numi"></td></tr>
</table>
<table cellspacing="0" cellpadding="0" class="methodOverview" id="summary">
<tr><th>Class</th><th>Method</th><th>Authors</th><th># of<br/>Scenarios</th><th>Running Counts</th><th>Parameters</th><th>Start</th><th>Time<br/>(ms)</th></tr>
<tr id="t1"><th colspan="5">Login &#8212; skipped (configuration methods)</th></tr>
<tr class="skippedodd"><td rowspan="4">com.demo.test.testcases.login.LoginPage_001_LoginSuccessFunction_Test</td><td><a href="#m-1521953729"><b>startTest</b>  </a></td><td>unknown</td><td class="numi">4</td><td></td><td></td><td>1520739076866</td><td class="numi">156</td></tr><tr class="skippedodd"><td><a href="#m-1521953729"><b>startTest</b>  </a></td><td>unknown</td><td class="numi">4</td><td></td><td></td><td>1520739076866</td><td class="numi">156</td></tr><tr class="skippedodd"><td><a href="#m-1521953729"><b>startTest</b>  </a></td><td>unknown</td><td class="numi">4</td><td></td><td></td><td>1520739076866</td><td class="numi">156</td></tr><tr class="skippedodd"><td><a href="#m-1521953729"><b>startTest</b>  </a></td><td>unknown</td><td class="numi">4</td><td></td><td></td><td>1520739076866</td><td class="numi">156</td></tr>
<tr><th colspan="5">Login &#8212; skipped</th></tr>
<tr class="skippedodd"><td rowspan="2">com.demo.test.testcases.login.LoginPage_001_LoginSuccessFunction_Test</td><td><a href="#m560244349"><b>loginSuccessFunction</b>  </a></td><td>unknown</td><td class="numi">1</td><td></td><td></td><td>1520739076866</td><td class="numi">0</td></tr><tr class="skippedodd"><td><a href="#m-82868530"><b>register</b>  </a></td><td>unknown</td><td class="numi">3</td><td></td><td></td><td>1520739076991</td><td class="numi">31</td></tr>
<tr class="skippedeven"><td>com.demo.test.testcases.login.FlightTest</td><td><a href="#m1826371084"><b>FindFlight</b>  </a></td><td>unknown</td><td class="numi">1</td><td></td><td></td><td>1520739076585</td><td class="numi">0</td></tr>
<tr class="skippedodd"><td rowspan="2">com.demo.test.testcases.login.LoginPage_001_LoginSuccessFunction_Test</td><td><a href="#m-82868530"><b>register</b>  </a></td><td>unknown</td><td class="numi">3</td><td></td><td></td><td>1520739076991</td><td class="numi">31</td></tr><tr class="skippedodd"><td><a href="#m-82868530"><b>register</b>  </a></td><td>unknown</td><td class="numi">3</td><td></td><td></td><td>1520739076991</td><td class="numi">31</td></tr>
<tr><th colspan="5">Login &#8212; failed (configuration methods)</th></tr>
<tr class="failedodd"><td>com.demo.test.testcases.login.FlightTest</td><td><a href="#m-1581463415"><b>startTest</b>  </a></td><td>unknown</td><td class="numi">1</td><td></td><td>org.testng.TestRunner@1a3869f4 </td><td>1520739076522</td><td class="numi">32</td></tr>
</table>
<h1>Login</h1>
<h2 id="m-1581463415" name="m-1581463415" >com.demo.test.testcases.login.FlightTest:startTest</h2>
<table cellspacing="0" cellpadding="0" class="result">
<tr class="param"><th>Parameter #1</th></tr>
<tr class="param stripe"><td>org.testng.TestRunner@1a3869f4</td>
</tr>
<tr><td>
<div class="stacktrace">java.lang.StringIndexOutOfBoundsException: String index out of range: -5
	at java.lang.String.substring(String.java:1967)
	at com.demo.test.utils.LogConfiguration.getFunctionName(LogConfiguration.java:39)
	at com.demo.test.utils.LogConfiguration.initLog(LogConfiguration.java:12)
	at com.demo.test.base.BaseParpare.startTest(BaseParpare.java:36)
... Removed 27 stack frames</div>
</td></tr>
</table>
<p class="totop"><a href="#summary">back to summary</a></p>
<h2 id="m-1521953729" name="m-1521953729" >com.demo.test.testcases.login.LoginPage_001_LoginSuccessFunction_Test:startTest</h2>
<p class="totop"><a href="#summary">back to summary</a></p>
<h2 id="m-1521953729" name="m-1521953729" >com.demo.test.testcases.login.LoginPage_001_LoginSuccessFunction_Test:startTest</h2>
<p class="totop"><a href="#summary">back to summary</a></p>
<h2 id="m-1521953729" name="m-1521953729" >com.demo.test.testcases.login.LoginPage_001_LoginSuccessFunction_Test:startTest</h2>
<p class="totop"><a href="#summary">back to summary</a></p>
<h2 id="m-1521953729" name="m-1521953729" >com.demo.test.testcases.login.LoginPage_001_LoginSuccessFunction_Test:startTest</h2>
<p class="totop"><a href="#summary">back to summary</a></p>
<h2 id="m560244349" name="m560244349" >com.demo.test.testcases.login.LoginPage_001_LoginSuccessFunction_Test:loginSuccessFunction</h2>
<div>
<h3>Test Messages</h3>
[2018_03_11_11_31_16_loginSuccessFunction] ,截图失败，原因：null<br/>
<img src="../../[2018_03_11_11_31_16_loginSuccessFunction] ,截图失败，原因：null"/><br/>
<h3>Failure</h3>
<div class="stacktrace">java.lang.StringIndexOutOfBoundsException: String index out of range: -5
	at java.lang.String.substring(String.java:1967)
	at com.demo.test.utils.LogConfiguration.getFunctionName(LogConfiguration.java:39)
	at com.demo.test.utils.LogConfiguration.initLog(LogConfiguration.java:12)
	at com.demo.test.base.BaseParpare.startTest(BaseParpare.java:36)
... Removed 27 stack frames</div>
</div>
<p class="totop"><a href="#summary">back to summary</a></p>
<h2 id="m-82868530" name="m-82868530" >com.demo.test.testcases.login.LoginPage_001_LoginSuccessFunction_Test:register</h2>
<div>
<h3>Test Messages</h3>
[2018_03_11_11_31_17_register] ,截图失败，原因：null<br/>
<img src="../../[2018_03_11_11_31_17_register] ,截图失败，原因：null"/><br/>
<h3>Failure</h3>
<div class="stacktrace">java.lang.StringIndexOutOfBoundsException: String index out of range: -5
	at java.lang.String.substring(String.java:1967)
	at com.demo.test.utils.LogConfiguration.getFunctionName(LogConfiguration.java:39)
	at com.demo.test.utils.LogConfiguration.initLog(LogConfiguration.java:12)
	at com.demo.test.base.BaseParpare.startTest(BaseParpare.java:36)
... Removed 27 stack frames</div>
</div>
<p class="totop"><a href="#summary">back to summary</a></p>
<h2 id="m1826371084" name="m1826371084" >com.demo.test.testcases.login.FlightTest:FindFlight</h2>
<div>
<h3>Test Messages</h3>
[2018_03_11_11_31_16_FindFlight] ,截图失败，原因：null<br/>
<img src="../../[2018_03_11_11_31_16_FindFlight] ,截图失败，原因：null"/><br/>
<h3>Failure</h3>
<div class="stacktrace">java.lang.StringIndexOutOfBoundsException: String index out of range: -5
	at java.lang.String.substring(String.java:1967)
	at com.demo.test.utils.LogConfiguration.getFunctionName(LogConfiguration.java:39)
	at com.demo.test.utils.LogConfiguration.initLog(LogConfiguration.java:12)
	at com.demo.test.base.BaseParpare.startTest(BaseParpare.java:36)
... Removed 27 stack frames</div>
</div>
<p class="totop"><a href="#summary">back to summary</a></p>
<h2 id="m-82868530" name="m-82868530" >com.demo.test.testcases.login.LoginPage_001_LoginSuccessFunction_Test:register</h2>
<div>
<h3>Test Messages</h3>
[2018_03_11_11_31_17_register] ,截图失败，原因：null<br/>
<img src="../../[2018_03_11_11_31_17_register] ,截图失败，原因：null"/><br/>
<h3>Failure</h3>
<div class="stacktrace">java.lang.StringIndexOutOfBoundsException: String index out of range: -5
	at java.lang.String.substring(String.java:1967)
	at com.demo.test.utils.LogConfiguration.getFunctionName(LogConfiguration.java:39)
	at com.demo.test.utils.LogConfiguration.initLog(LogConfiguration.java:12)
	at com.demo.test.base.BaseParpare.startTest(BaseParpare.java:36)
... Removed 27 stack frames</div>
</div>
<p class="totop"><a href="#summary">back to summary</a></p>
<h2 id="m-82868530" name="m-82868530" >com.demo.test.testcases.login.LoginPage_001_LoginSuccessFunction_Test:register</h2>
<div>
<h3>Test Messages</h3>
[2018_03_11_11_31_17_register] ,截图失败，原因：null<br/>
<img src="../../[2018_03_11_11_31_17_register] ,截图失败，原因：null"/><br/>
<h3>Failure</h3>
<div class="stacktrace">java.lang.StringIndexOutOfBoundsException: String index out of range: -5
	at java.lang.String.substring(String.java:1967)
	at com.demo.test.utils.LogConfiguration.getFunctionName(LogConfiguration.java:39)
	at com.demo.test.utils.LogConfiguration.initLog(LogConfiguration.java:12)
	at com.demo.test.base.BaseParpare.startTest(BaseParpare.java:36)
... Removed 27 stack frames</div>
</div>
<p class="totop"><a href="#summary">back to summary</a></p>
</body></html>
